<?xml version="1.0" encoding="UTF-8"?>
<!-- Generated by org.testng.reporters.JUnitXMLReporter -->
<testsuite hostname="Alok" ignored="0" name="Test" tests="3" failures="0" timestamp="25 Feb 2019 18:36:42 GMT" time="17.921" errors="0">
  <testcase name="Validatetitletest" time="0.016" classname="com.smarts.qa.testcases.HomePageTest"/>
  <testcase name="validatetitle" time="0.008" classname="com.smarts.qa.testcases.LoginTest"/>
  <testcase name="logintesrcase" time="0.51" classname="com.smarts.qa.testcases.LoginTest"/>
</testsuite> <!-- Test -->
