<?xml version="1.0" encoding="UTF-8"?>
<!-- Generated by org.testng.reporters.JUnitXMLReporter -->
<testsuite hostname="Alok" ignored="0" name="Command line test" tests="3" failures="0" timestamp="03 Oct 2018 23:16:58 GMT" time="24.365" errors="0">
  <testcase name="Validatetitletest" time="0.026" classname="com.smarts.qa.testcases.HomePageTest"/>
  <testcase name="validatetitle" time="0.017" classname="com.smarts.qa.testcases.LoginTest"/>
  <testcase name="logintesrcase" time="1.056" classname="com.smarts.qa.testcases.LoginTest"/>
</testsuite> <!-- Command line test -->
