<?xml version="1.0" encoding="UTF-8"?>
<testng-results ignored="0" total="2" passed="2" failed="0" skipped="0">
  <reporter-output>
  </reporter-output>
  <suite started-at="2019-03-15T02:48:50Z" name="Default suite" finished-at="2019-03-15T02:49:02Z" duration-ms="11971">
    <groups>
    </groups>
    <test started-at="2019-03-15T02:48:50Z" name="Default test" finished-at="2019-03-15T02:49:02Z" duration-ms="11971">
      <class name="com.smarts.qa.testcases.LoginTest1">
        <test-method is-config="true" signature="beforeClass()[pri:0, instance:com.smarts.qa.testcases.LoginTest1@2f465398]" started-at="2019-03-15T02:48:50Z" name="beforeClass" finished-at="2019-03-15T02:48:50Z" duration-ms="0" status="PASS">
          <reporter-output>
          </reporter-output>
        </test-method> <!-- beforeClass -->
        <test-method is-config="true" signature="setUp()[pri:0, instance:com.smarts.qa.testcases.LoginTest1@2f465398]" started-at="2019-03-15T02:48:50Z" name="setUp" finished-at="2019-03-15T02:48:55Z" duration-ms="4699" status="PASS">
          <reporter-output>
          </reporter-output>
        </test-method> <!-- setUp -->
        <test-method signature="loginTesting()[pri:0, instance:com.smarts.qa.testcases.LoginTest1@2f465398]" started-at="2019-03-15T02:48:55Z" name="loginTesting" finished-at="2019-03-15T02:48:56Z" duration-ms="1174" status="PASS">
          <reporter-output>
          </reporter-output>
        </test-method> <!-- loginTesting -->
        <test-method is-config="true" signature="tearDown()[pri:0, instance:com.smarts.qa.testcases.LoginTest1@2f465398]" started-at="2019-03-15T02:48:56Z" name="tearDown" finished-at="2019-03-15T02:48:57Z" duration-ms="772" status="PASS">
          <reporter-output>
          </reporter-output>
        </test-method> <!-- tearDown -->
        <test-method is-config="true" signature="setUp()[pri:0, instance:com.smarts.qa.testcases.LoginTest1@2f465398]" started-at="2019-03-15T02:48:57Z" name="setUp" finished-at="2019-03-15T02:49:01Z" duration-ms="3468" status="PASS">
          <reporter-output>
          </reporter-output>
        </test-method> <!-- setUp -->
        <test-method signature="loginTesting3()[pri:0, instance:com.smarts.qa.testcases.LoginTest1@2f465398]" started-at="2019-03-15T02:49:01Z" name="loginTesting3" finished-at="2019-03-15T02:49:02Z" duration-ms="1112" status="PASS">
          <reporter-output>
          </reporter-output>
        </test-method> <!-- loginTesting3 -->
        <test-method is-config="true" signature="tearDown()[pri:0, instance:com.smarts.qa.testcases.LoginTest1@2f465398]" started-at="2019-03-15T02:49:02Z" name="tearDown" finished-at="2019-03-15T02:49:02Z" duration-ms="704" status="PASS">
          <reporter-output>
          </reporter-output>
        </test-method> <!-- tearDown -->
      </class> <!-- com.smarts.qa.testcases.LoginTest1 -->
    </test> <!-- Default test -->
  </suite> <!-- Default suite -->
</testng-results>
